"Finalize GroupAggregate  (cost=240784.44..240786.40 rows=6 width=236) (actual time=2803.684..2805.033 rows=4 loops=1)\n  Output: l_returnflag, l_linestatus, sum(l_quantity), sum(l_extendedprice), sum((l_extendedprice * ('1'::numeric - l_discount))), sum(((l_extendedprice * ('1'::numeric - l_discount)) * ('1'::numeric + l_tax))), avg(l_quantity), avg(l_extendedprice), avg(l_discount), count(*)\n  Group Key: lineitem.l_returnflag, lineitem.l_linestatus\n  Buffers: shared hit=3342 read=118877\n  ->  Gather Merge  (cost=240784.44..240785.84 rows=12 width=236) (actual time=2803.664..2804.992 rows=12 loops=1)\n        Output: l_returnflag, l_linestatus, (PARTIAL sum(l_quantity)), (PARTIAL sum(l_extendedprice)), (PARTIAL sum((l_extendedprice * ('1'::numeric - l_discount)))), (PARTIAL sum(((l_extendedprice * ('1'::numeric - l_discount)) * ('1'::numeric + l_tax)))), (PARTIAL avg(l_quantity)), (PARTIAL avg(l_extendedprice)), (PARTIAL avg(l_discount)), (PARTIAL count(*))\n        Workers Planned: 2\n        Workers Launched: 2\n        Buffers: shared hit=3342 read=118877\n        ->  Sort  (cost=239784.42..239784.44 rows=6 width=236) (actual time=2784.927..2784.927 rows=4 loops=3)\n              Output: l_returnflag, l_linestatus, (PARTIAL sum(l_quantity)), (PARTIAL sum(l_extendedprice)), (PARTIAL sum((l_extendedprice * ('1'::numeric - l_discount)))), (PARTIAL sum(((l_extendedprice * ('1'::numeric - l_discount)) * ('1'::numeric + l_tax)))), (PARTIAL avg(l_quantity)), (PARTIAL avg(l_extendedprice)), (PARTIAL avg(l_discount)), (PARTIAL count(*))\n              Sort Key: lineitem.l_returnflag, lineitem.l_linestatus\n              Sort Method: quicksort  Memory: 27kB\n              Buffers: shared hit=3342 read=118877\n              Worker 0:  actual time=2775.840..2775.840 rows=4 loops=1\n                Sort Method: quicksort  Memory: 27kB\n                Buffers: shared hit=1101 read=39442\n              Worker 1:  actual time=2775.835..2775.836 rows=4 loops=1\n                Sort Method: quicksort  Memory: 27kB\n                Buffers: shared hit=1117 read=39859\n              ->  Partial HashAggregate  (cost=239784.21..239784.34 rows=6 width=236) (actual time=2784.884..2784.890 rows=4 loops=3)\n                    Output: l_returnflag, l_linestatus, PARTIAL sum(l_quantity), PARTIAL sum(l_extendedprice), PARTIAL sum((l_extendedprice * ('1'::numeric - l_discount))), PARTIAL sum(((l_extendedprice * ('1'::numeric - l_discount)) * ('1'::numeric + l_tax))), PARTIAL avg(l_quantity), PARTIAL avg(l_extendedprice), PARTIAL avg(l_discount), PARTIAL count(*)\n                    Group Key: lineitem.l_returnflag, lineitem.l_linestatus\n                    Batches: 1  Memory Usage: 32kB\n                    Buffers: shared hit=3328 read=118877\n                    Worker 0:  actual time=2775.788..2775.793 rows=4 loops=1\n                      Batches: 1  Memory Usage: 32kB\n                      Buffers: shared hit=1094 read=39442\n                    Worker 1:  actual time=2775.781..2775.787 rows=4 loops=1\n                      Batches: 1  Memory Usage: 32kB\n                      Buffers: shared hit=1110 read=39859\n                    ->  Parallel Seq Scan on public.lineitem  (cost=0.00..153460.94 rows=2466379 width=25) (actual time=6.614..1309.980 rows=1972197 loops=3)\n                          Output: l_orderkey, l_partkey, l_suppkey, l_linenumber, l_quantity, l_extendedprice, l_discount, l_tax, l_returnflag, l_linestatus, l_shipdate, l_commitdate, l_receiptdate, l_shipinstruct, l_shipmode, l_comment, dummy\n                          Filter: (lineitem.l_shipdate <= '1998-09-02 00:00:00'::timestamp without time zone)\n                          Rows Removed by Filter: 28208\n                          Buffers: shared hit=3328 read=118877\n                          Worker 0:  actual time=0.361..1298.645 rows=1962560 loops=1\n                            Buffers: shared hit=1094 read=39442\n                          Worker 1:  actual time=0.113..1300.076 rows=1983825 loops=1\n                            Buffers: shared hit=1110 read=39859\nPlanning:\n  Buffers: shared hit=111\nPlanning Time: 0.963 ms\nExecution Time: 2805.249 ms"