{
  "query_id": "q1 tpch",
  "database": "postgres",
  "parameters": {},
  "runtime_ms": 1.7924849999999999,
  "filters": {},
  "plan_json": "Finalize GroupAggregate  (cost=240784.44..240786.40 rows=6 width=236) (actual time=1790.879..1792.251 rows=4 loops=1)\n  Output: l_returnflag, l_linestatus, sum(l_quantity), sum(l_extendedprice), sum((l_extendedprice * ('1'::numeric - l_discount))), sum(((l_extendedprice * ('1'::numeric - l_discount)) * ('1'::numeric + l_tax))), avg(l_quantity), avg(l_extendedprice), avg(l_discount), count(*)\n  Group Key: lineitem.l_returnflag, lineitem.l_linestatus\n  Buffers: shared hit=2670 read=119549\n  ->  Gather Merge  (cost=240784.44..240785.84 rows=12 width=236) (actual time=1790.858..1792.190 rows=12 loops=1)\n        Output: l_returnflag, l_linestatus, (PARTIAL sum(l_quantity)), (PARTIAL sum(l_extendedprice)), (PARTIAL sum((l_extendedprice * ('1'::numeric - l_discount)))), (PARTIAL sum(((l_extendedprice * ('1'::numeric - l_discount)) * ('1'::numeric + l_tax)))), (PARTIAL avg(l_quantity)), (PARTIAL avg(l_extendedprice)), (PARTIAL avg(l_discount)), (PARTIAL count(*))\n        Workers Planned: 2\n        Workers Launched: 2\n        Buffers: shared hit=2670 read=119549\n        ->  Sort  (cost=239784.42..239784.44 rows=6 width=236) (actual time=1784.358..1784.358 rows=4 loops=3)\n              Output: l_returnflag, l_linestatus, (PARTIAL sum(l_quantity)), (PARTIAL sum(l_extendedprice)), (PARTIAL sum((l_extendedprice * ('1'::numeric - l_discount)))), (PARTIAL sum(((l_extendedprice * ('1'::numeric - l_discount)) * ('1'::numeric + l_tax)))), (PARTIAL avg(l_quantity)), (PARTIAL avg(l_extendedprice)), (PARTIAL avg(l_discount)), (PARTIAL count(*))\n              Sort Key: lineitem.l_returnflag, lineitem.l_linestatus\n              Sort Method: quicksort  Memory: 27kB\n              Buffers: shared hit=2670 read=119549\n              Worker 0:  actual time=1781.422..1781.423 rows=4 loops=1\n                Sort Method: quicksort  Memory: 27kB\n                Buffers: shared hit=915 read=39640\n              Worker 1:  actual time=1781.437..1781.438 rows=4 loops=1\n                Sort Method: quicksort  Memory: 27kB\n                Buffers: shared hit=890 read=39923\n              ->  Partial HashAggregate  (cost=239784.21..239784.34 rows=6 width=236) (actual time=1784.317..1784.323 rows=4 loops=3)\n                    Output: l_returnflag, l_linestatus, PARTIAL sum(l_quantity), PARTIAL sum(l_extendedprice), PARTIAL sum((l_extendedprice * ('1'::numeric - l_discount))), PARTIAL sum(((l_extendedprice * ('1'::numeric - l_discount)) * ('1'::numeric + l_tax))), PARTIAL avg(l_quantity), PARTIAL avg(l_extendedprice), PARTIAL avg(l_discount), PARTIAL count(*)\n                    Group Key: lineitem.l_returnflag, lineitem.l_linestatus\n                    Batches: 1  Memory Usage: 32kB\n                    Buffers: shared hit=2656 read=119549\n                    Worker 0:  actual time=1781.378..1781.383 rows=4 loops=1\n                      Batches: 1  Memory Usage: 32kB\n                      Buffers: shared hit=908 read=39640\n                    Worker 1:  actual time=1781.388..1781.394 rows=4 loops=1\n                      Batches: 1  Memory Usage: 32kB\n                      Buffers: shared hit=883 read=39923\n                    ->  Parallel Seq Scan on public.lineitem  (cost=0.00..153460.94 rows=2466379 width=25) (actual time=0.106..331.466 rows=1972197 loops=3)\n                          Output: l_orderkey, l_partkey, l_suppkey, l_linenumber, l_quantity, l_extendedprice, l_discount, l_tax, l_returnflag, l_linestatus, l_shipdate, l_commitdate, l_receiptdate, l_shipinstruct, l_shipmode, l_comment, dummy\n                          Filter: (lineitem.l_shipdate <= '1998-09-02 00:00:00'::timestamp without time zone)\n                          Rows Removed by Filter: 28208\n                          Buffers: shared hit=2656 read=119549\n                          Worker 0:  actual time=0.114..331.377 rows=1963041 loops=1\n                            Buffers: shared hit=908 read=39640\n                          Worker 1:  actual time=0.133..330.641 rows=1975776 loops=1\n                            Buffers: shared hit=883 read=39923\nPlanning:\n  Buffers: shared hit=111\nPlanning Time: 1.226 ms\nExecution Time: 1792.485 ms"
}